2021/11/18 06:45:51 [emerg] 1#1: host not found in upstream "php" in /etc/nginx/conf.d/default.conf:32
2021/11/18 06:48:32 [notice] 1#1: using the "epoll" event method
2021/11/18 06:48:32 [notice] 1#1: nginx/1.20.2
2021/11/18 06:48:32 [notice] 1#1: built by gcc 10.2.1 20210110 (Debian 10.2.1-6) 
2021/11/18 06:48:32 [notice] 1#1: OS: Linux 5.10.47-linuxkit
2021/11/18 06:48:32 [notice] 1#1: getrlimit(RLIMIT_NOFILE): 1048576:1048576
2021/11/18 06:48:32 [notice] 1#1: start worker processes
2021/11/18 06:48:32 [notice] 1#1: start worker process 31
2021/11/18 06:48:32 [notice] 1#1: start worker process 32
2021/11/18 06:48:32 [notice] 1#1: start worker process 33
2021/11/18 06:48:32 [notice] 1#1: start worker process 34
2021/11/18 06:48:32 [notice] 1#1: start worker process 35
2021/11/18 06:48:32 [notice] 1#1: start worker process 36
2021/11/18 06:50:20 [notice] 1#1: signal 3 (SIGQUIT) received, shutting down
2021/11/18 06:50:20 [notice] 31#31: gracefully shutting down
2021/11/18 06:50:20 [notice] 32#32: gracefully shutting down
2021/11/18 06:50:20 [notice] 34#34: gracefully shutting down
2021/11/18 06:50:20 [notice] 34#34: exiting
2021/11/18 06:50:20 [notice] 35#35: gracefully shutting down
2021/11/18 06:50:20 [notice] 33#33: gracefully shutting down
2021/11/18 06:50:20 [notice] 33#33: exiting
2021/11/18 06:50:20 [notice] 36#36: gracefully shutting down
2021/11/18 06:50:20 [notice] 36#36: exiting
2021/11/18 06:50:20 [notice] 31#31: exiting
2021/11/18 06:50:20 [notice] 32#32: exiting
2021/11/18 06:50:20 [notice] 34#34: exit
2021/11/18 06:50:20 [notice] 35#35: exiting
2021/11/18 06:50:20 [notice] 33#33: exit
2021/11/18 06:50:20 [notice] 36#36: exit
2021/11/18 06:50:20 [notice] 31#31: exit
2021/11/18 06:50:20 [notice] 32#32: exit
2021/11/18 06:50:20 [notice] 35#35: exit
2021/11/18 06:50:20 [notice] 1#1: signal 17 (SIGCHLD) received from 34
2021/11/18 06:50:20 [notice] 1#1: worker process 34 exited with code 0
2021/11/18 06:50:20 [notice] 1#1: worker process 35 exited with code 0
2021/11/18 06:50:20 [notice] 1#1: worker process 36 exited with code 0
2021/11/18 06:50:20 [notice] 1#1: signal 29 (SIGIO) received
2021/11/18 06:50:20 [notice] 1#1: signal 17 (SIGCHLD) received from 35
2021/11/18 06:50:20 [notice] 1#1: signal 17 (SIGCHLD) received from 33
2021/11/18 06:50:20 [notice] 1#1: worker process 31 exited with code 0
2021/11/18 06:50:20 [notice] 1#1: worker process 32 exited with code 0
2021/11/18 06:50:20 [notice] 1#1: worker process 33 exited with code 0
2021/11/18 06:50:20 [notice] 1#1: exit
2021/11/18 06:50:28 [notice] 1#1: using the "epoll" event method
2021/11/18 06:50:28 [notice] 1#1: nginx/1.20.2
2021/11/18 06:50:28 [notice] 1#1: built by gcc 10.2.1 20210110 (Debian 10.2.1-6) 
2021/11/18 06:50:28 [notice] 1#1: OS: Linux 5.10.47-linuxkit
2021/11/18 06:50:28 [notice] 1#1: getrlimit(RLIMIT_NOFILE): 1048576:1048576
2021/11/18 06:50:28 [notice] 1#1: start worker processes
2021/11/18 06:50:28 [notice] 1#1: start worker process 30
2021/11/18 06:50:28 [notice] 1#1: start worker process 31
2021/11/18 06:50:28 [notice] 1#1: start worker process 32
2021/11/18 06:50:28 [notice] 1#1: start worker process 33
2021/11/18 06:50:28 [notice] 1#1: start worker process 34
2021/11/18 06:50:28 [notice] 1#1: start worker process 35
2021/11/18 07:01:36 [notice] 1#1: using the "epoll" event method
2021/11/18 07:01:36 [notice] 1#1: nginx/1.20.2
2021/11/18 07:01:36 [notice] 1#1: built by gcc 10.2.1 20210110 (Debian 10.2.1-6) 
2021/11/18 07:01:36 [notice] 1#1: OS: Linux 5.10.47-linuxkit
2021/11/18 07:01:36 [notice] 1#1: getrlimit(RLIMIT_NOFILE): 1048576:1048576
2021/11/18 07:01:36 [notice] 1#1: start worker processes
2021/11/18 07:01:36 [notice] 1#1: start worker process 30
2021/11/18 07:01:36 [notice] 1#1: start worker process 31
2021/11/18 07:01:36 [notice] 1#1: start worker process 32
2021/11/18 07:01:36 [notice] 1#1: start worker process 33
2021/11/18 07:01:36 [notice] 1#1: start worker process 34
2021/11/18 07:01:36 [notice] 1#1: start worker process 35
2021/11/18 07:07:09 [notice] 1#1: signal 3 (SIGQUIT) received, shutting down
2021/11/18 07:07:09 [notice] 30#30: gracefully shutting down
2021/11/18 07:07:09 [notice] 31#31: gracefully shutting down
2021/11/18 07:07:09 [notice] 32#32: gracefully shutting down
2021/11/18 07:07:09 [notice] 32#32: exiting
2021/11/18 07:07:09 [notice] 33#33: gracefully shutting down
2021/11/18 07:07:09 [notice] 35#35: gracefully shutting down
2021/11/18 07:07:09 [notice] 34#34: gracefully shutting down
2021/11/18 07:07:09 [notice] 30#30: exiting
2021/11/18 07:07:09 [notice] 31#31: exiting
2021/11/18 07:07:09 [notice] 32#32: exit
2021/11/18 07:07:09 [notice] 33#33: exiting
2021/11/18 07:07:09 [notice] 35#35: exiting
2021/11/18 07:07:09 [notice] 34#34: exiting
2021/11/18 07:07:09 [notice] 30#30: exit
2021/11/18 07:07:09 [notice] 31#31: exit
2021/11/18 07:07:09 [notice] 33#33: exit
2021/11/18 07:07:09 [notice] 35#35: exit
2021/11/18 07:07:09 [notice] 34#34: exit
2021/11/18 07:07:09 [notice] 1#1: signal 17 (SIGCHLD) received from 31
2021/11/18 07:07:09 [notice] 1#1: worker process 30 exited with code 0
2021/11/18 07:07:09 [notice] 1#1: worker process 31 exited with code 0
2021/11/18 07:07:09 [notice] 1#1: worker process 32 exited with code 0
2021/11/18 07:07:09 [notice] 1#1: worker process 35 exited with code 0
2021/11/18 07:07:09 [notice] 1#1: signal 17 (SIGCHLD) received from 35
2021/11/18 07:07:09 [notice] 1#1: worker process 33 exited with code 0
2021/11/18 07:07:09 [notice] 1#1: worker process 34 exited with code 0
2021/11/18 07:07:09 [notice] 1#1: exit
2021/11/18 07:07:19 [notice] 1#1: using the "epoll" event method
2021/11/18 07:07:19 [notice] 1#1: nginx/1.20.2
2021/11/18 07:07:19 [notice] 1#1: built by gcc 10.2.1 20210110 (Debian 10.2.1-6) 
2021/11/18 07:07:19 [notice] 1#1: OS: Linux 5.10.47-linuxkit
2021/11/18 07:07:19 [notice] 1#1: getrlimit(RLIMIT_NOFILE): 1048576:1048576
2021/11/18 07:07:19 [notice] 1#1: start worker processes
2021/11/18 07:07:19 [notice] 1#1: start worker process 31
2021/11/18 07:07:19 [notice] 1#1: start worker process 32
2021/11/18 07:07:19 [notice] 1#1: start worker process 33
2021/11/18 07:07:19 [notice] 1#1: start worker process 34
2021/11/18 07:07:19 [notice] 1#1: start worker process 35
2021/11/18 07:07:19 [notice] 1#1: start worker process 36
2021/11/18 07:12:23 [notice] 1#1: signal 3 (SIGQUIT) received, shutting down
2021/11/18 07:12:23 [notice] 32#32: gracefully shutting down
2021/11/18 07:12:23 [notice] 31#31: gracefully shutting down
2021/11/18 07:12:23 [notice] 34#34: gracefully shutting down
2021/11/18 07:12:23 [notice] 33#33: gracefully shutting down
2021/11/18 07:12:23 [notice] 35#35: gracefully shutting down
2021/11/18 07:12:23 [notice] 35#35: exiting
2021/11/18 07:12:23 [notice] 36#36: gracefully shutting down
2021/11/18 07:12:23 [notice] 32#32: exiting
2021/11/18 07:12:23 [notice] 32#32: exit
2021/11/18 07:12:23 [notice] 31#31: exiting
2021/11/18 07:12:23 [notice] 34#34: exiting
2021/11/18 07:12:23 [notice] 34#34: exit
2021/11/18 07:12:23 [notice] 33#33: exiting
2021/11/18 07:12:23 [notice] 35#35: exit
2021/11/18 07:12:23 [notice] 36#36: exiting
2021/11/18 07:12:23 [notice] 31#31: exit
2021/11/18 07:12:23 [notice] 1#1: signal 17 (SIGCHLD) received from 32
2021/11/18 07:12:23 [notice] 33#33: exit
2021/11/18 07:12:23 [notice] 36#36: exit
2021/11/18 07:12:23 [notice] 1#1: worker process 32 exited with code 0
2021/11/18 07:12:23 [notice] 1#1: worker process 34 exited with code 0
2021/11/18 07:12:23 [notice] 1#1: worker process 35 exited with code 0
2021/11/18 07:12:23 [notice] 1#1: signal 29 (SIGIO) received
2021/11/18 07:12:23 [notice] 1#1: signal 17 (SIGCHLD) received from 35
2021/11/18 07:12:23 [notice] 1#1: signal 17 (SIGCHLD) received from 33
2021/11/18 07:12:23 [notice] 1#1: worker process 31 exited with code 0
2021/11/18 07:12:23 [notice] 1#1: worker process 33 exited with code 0
2021/11/18 07:12:23 [notice] 1#1: signal 29 (SIGIO) received
2021/11/18 07:12:23 [notice] 1#1: signal 17 (SIGCHLD) received from 36
2021/11/18 07:12:23 [notice] 1#1: worker process 36 exited with code 0
2021/11/18 07:12:23 [notice] 1#1: exit
2021/11/18 07:12:31 [notice] 1#1: using the "epoll" event method
2021/11/18 07:12:31 [notice] 1#1: nginx/1.20.2
2021/11/18 07:12:31 [notice] 1#1: built by gcc 10.2.1 20210110 (Debian 10.2.1-6) 
2021/11/18 07:12:31 [notice] 1#1: OS: Linux 5.10.47-linuxkit
2021/11/18 07:12:31 [notice] 1#1: getrlimit(RLIMIT_NOFILE): 1048576:1048576
2021/11/18 07:12:31 [notice] 1#1: start worker processes
2021/11/18 07:12:31 [notice] 1#1: start worker process 31
2021/11/18 07:12:31 [notice] 1#1: start worker process 32
2021/11/18 07:12:31 [notice] 1#1: start worker process 33
2021/11/18 07:12:31 [notice] 1#1: start worker process 34
2021/11/18 07:12:31 [notice] 1#1: start worker process 35
2021/11/18 07:12:31 [notice] 1#1: start worker process 36
2021/11/18 09:24:56 [notice] 1#1: signal 3 (SIGQUIT) received, shutting down
2021/11/18 09:24:56 [notice] 33#33: gracefully shutting down
2021/11/18 09:24:56 [notice] 33#33: exiting
2021/11/18 09:24:56 [notice] 31#31: gracefully shutting down
2021/11/18 09:24:56 [notice] 31#31: exiting
2021/11/18 09:24:56 [notice] 32#32: gracefully shutting down
2021/11/18 09:24:56 [notice] 35#35: gracefully shutting down
2021/11/18 09:24:56 [notice] 34#34: gracefully shutting down
2021/11/18 09:24:56 [notice] 36#36: gracefully shutting down
2021/11/18 09:24:56 [notice] 33#33: exit
2021/11/18 09:24:56 [notice] 31#31: exit
2021/11/18 09:24:56 [notice] 32#32: exiting
2021/11/18 09:24:56 [notice] 35#35: exiting
2021/11/18 09:24:56 [notice] 34#34: exiting
2021/11/18 09:24:56 [notice] 36#36: exiting
2021/11/18 09:24:56 [notice] 32#32: exit
2021/11/18 09:24:56 [notice] 35#35: exit
2021/11/18 09:24:56 [notice] 34#34: exit
2021/11/18 09:24:56 [notice] 36#36: exit
2021/11/18 09:24:56 [notice] 1#1: signal 17 (SIGCHLD) received from 33
2021/11/18 09:24:56 [notice] 1#1: worker process 33 exited with code 0
2021/11/18 09:24:56 [notice] 1#1: signal 29 (SIGIO) received
2021/11/18 09:24:56 [notice] 1#1: signal 17 (SIGCHLD) received from 31
2021/11/18 09:24:56 [notice] 1#1: worker process 31 exited with code 0
2021/11/18 09:24:56 [notice] 1#1: signal 29 (SIGIO) received
2021/11/18 09:24:56 [notice] 1#1: signal 17 (SIGCHLD) received from 32
2021/11/18 09:24:56 [notice] 1#1: worker process 32 exited with code 0
2021/11/18 09:24:56 [notice] 1#1: signal 29 (SIGIO) received
2021/11/18 09:24:56 [notice] 1#1: signal 17 (SIGCHLD) received from 36
2021/11/18 09:24:56 [notice] 1#1: worker process 35 exited with code 0
2021/11/18 09:24:56 [notice] 1#1: worker process 34 exited with code 0
2021/11/18 09:24:56 [notice] 1#1: worker process 36 exited with code 0
2021/11/18 09:24:56 [notice] 1#1: exit
2021/11/18 09:25:32 [notice] 1#1: using the "epoll" event method
2021/11/18 09:25:32 [notice] 1#1: nginx/1.20.2
2021/11/18 09:25:32 [notice] 1#1: built by gcc 10.2.1 20210110 (Debian 10.2.1-6) 
2021/11/18 09:25:32 [notice] 1#1: OS: Linux 5.10.47-linuxkit
2021/11/18 09:25:32 [notice] 1#1: getrlimit(RLIMIT_NOFILE): 1048576:1048576
2021/11/18 09:25:32 [notice] 1#1: start worker processes
2021/11/18 09:25:32 [notice] 1#1: start worker process 30
2021/11/18 09:25:32 [notice] 1#1: start worker process 31
2021/11/18 09:25:32 [notice] 1#1: start worker process 32
2021/11/18 09:25:32 [notice] 1#1: start worker process 33
2021/11/18 09:25:32 [notice] 1#1: start worker process 34
2021/11/18 09:25:32 [notice] 1#1: start worker process 35
2021/11/18 09:27:00 [notice] 1#1: using the "epoll" event method
2021/11/18 09:27:00 [notice] 1#1: nginx/1.20.2
2021/11/18 09:27:00 [notice] 1#1: built by gcc 10.2.1 20210110 (Debian 10.2.1-6) 
2021/11/18 09:27:00 [notice] 1#1: OS: Linux 5.10.47-linuxkit
2021/11/18 09:27:00 [notice] 1#1: getrlimit(RLIMIT_NOFILE): 1048576:1048576
2021/11/18 09:27:00 [notice] 1#1: start worker processes
2021/11/18 09:27:00 [notice] 1#1: start worker process 31
2021/11/18 09:27:00 [notice] 1#1: start worker process 32
2021/11/18 09:27:00 [notice] 1#1: start worker process 33
2021/11/18 09:27:00 [notice] 1#1: start worker process 34
2021/11/18 09:27:00 [notice] 1#1: start worker process 35
2021/11/18 09:27:00 [notice] 1#1: start worker process 36
2021/11/18 09:27:19 [notice] 1#1: signal 3 (SIGQUIT) received, shutting down
2021/11/18 09:27:19 [notice] 31#31: gracefully shutting down
2021/11/18 09:27:19 [notice] 31#31: exiting
2021/11/18 09:27:19 [notice] 35#35: gracefully shutting down
2021/11/18 09:27:19 [notice] 34#34: gracefully shutting down
2021/11/18 09:27:19 [notice] 34#34: exiting
2021/11/18 09:27:19 [notice] 33#33: gracefully shutting down
2021/11/18 09:27:19 [notice] 32#32: gracefully shutting down
2021/11/18 09:27:19 [notice] 36#36: gracefully shutting down
2021/11/18 09:27:19 [notice] 31#31: exit
2021/11/18 09:27:19 [notice] 35#35: exiting
2021/11/18 09:27:19 [notice] 34#34: exit
2021/11/18 09:27:19 [notice] 33#33: exiting
2021/11/18 09:27:19 [notice] 36#36: exiting
2021/11/18 09:27:19 [notice] 35#35: exit
2021/11/18 09:27:19 [notice] 33#33: exit
2021/11/18 09:27:19 [notice] 36#36: exit
2021/11/18 09:27:19 [notice] 1#1: signal 17 (SIGCHLD) received from 34
2021/11/18 09:27:19 [notice] 1#1: worker process 31 exited with code 0
2021/11/18 09:27:19 [notice] 1#1: worker process 34 exited with code 0
2021/11/18 09:27:19 [notice] 1#1: signal 29 (SIGIO) received
2021/11/18 09:27:19 [notice] 1#1: signal 17 (SIGCHLD) received from 33
2021/11/18 09:27:19 [notice] 1#1: worker process 33 exited with code 0
2021/11/18 09:27:19 [notice] 1#1: worker process 35 exited with code 0
2021/11/18 09:27:19 [notice] 1#1: worker process 36 exited with code 0
2021/11/18 09:27:19 [notice] 1#1: signal 29 (SIGIO) received
2021/11/18 09:27:19 [notice] 1#1: signal 17 (SIGCHLD) received from 35
2021/11/18 09:27:35 [notice] 1#1: using the "epoll" event method
2021/11/18 09:27:35 [notice] 1#1: nginx/1.20.2
2021/11/18 09:27:35 [notice] 1#1: built by gcc 10.2.1 20210110 (Debian 10.2.1-6) 
2021/11/18 09:27:35 [notice] 1#1: OS: Linux 5.10.47-linuxkit
2021/11/18 09:27:35 [notice] 1#1: getrlimit(RLIMIT_NOFILE): 1048576:1048576
2021/11/18 09:27:35 [notice] 1#1: start worker processes
2021/11/18 09:27:35 [notice] 1#1: start worker process 31
2021/11/18 09:27:35 [notice] 1#1: start worker process 32
2021/11/18 09:27:35 [notice] 1#1: start worker process 33
2021/11/18 09:27:35 [notice] 1#1: start worker process 34
2021/11/18 09:27:35 [notice] 1#1: start worker process 35
2021/11/18 09:27:35 [notice] 1#1: start worker process 36
2021/11/18 09:28:48 [notice] 1#1: signal 3 (SIGQUIT) received, shutting down
2021/11/18 09:28:48 [notice] 31#31: gracefully shutting down
2021/11/18 09:28:48 [notice] 33#33: gracefully shutting down
2021/11/18 09:28:48 [notice] 33#33: exiting
2021/11/18 09:28:48 [notice] 32#32: gracefully shutting down
2021/11/18 09:28:48 [notice] 34#34: gracefully shutting down
2021/11/18 09:28:48 [notice] 34#34: exiting
2021/11/18 09:28:48 [notice] 35#35: gracefully shutting down
2021/11/18 09:28:48 [notice] 36#36: gracefully shutting down
2021/11/18 09:28:48 [notice] 31#31: exiting
2021/11/18 09:28:48 [notice] 33#33: exit
2021/11/18 09:28:48 [notice] 32#32: exiting
2021/11/18 09:28:48 [notice] 34#34: exit
2021/11/18 09:28:48 [notice] 35#35: exiting
2021/11/18 09:28:48 [notice] 36#36: exiting
2021/11/18 09:28:48 [notice] 36#36: exit
2021/11/18 09:28:48 [notice] 31#31: exit
2021/11/18 09:28:48 [notice] 32#32: exit
2021/11/18 09:28:48 [notice] 35#35: exit
2021/11/18 09:28:48 [notice] 1#1: signal 17 (SIGCHLD) received from 33
2021/11/18 09:28:48 [notice] 1#1: worker process 33 exited with code 0
2021/11/18 09:28:48 [notice] 1#1: worker process 34 exited with code 0
2021/11/18 09:28:48 [notice] 1#1: worker process 36 exited with code 0
2021/11/18 09:28:48 [notice] 1#1: signal 29 (SIGIO) received
2021/11/18 09:28:48 [notice] 1#1: signal 17 (SIGCHLD) received from 34
2021/11/18 09:28:48 [notice] 1#1: worker process 32 exited with code 0
2021/11/18 09:28:48 [notice] 1#1: signal 29 (SIGIO) received
2021/11/18 09:28:48 [notice] 1#1: signal 17 (SIGCHLD) received from 35
2021/11/18 09:28:48 [notice] 1#1: worker process 31 exited with code 0
2021/11/18 09:28:48 [notice] 1#1: worker process 35 exited with code 0
2021/11/18 09:28:48 [notice] 1#1: exit
2021/11/18 09:28:56 [notice] 1#1: using the "epoll" event method
2021/11/18 09:28:56 [notice] 1#1: nginx/1.20.2
2021/11/18 09:28:56 [notice] 1#1: built by gcc 10.2.1 20210110 (Debian 10.2.1-6) 
2021/11/18 09:28:56 [notice] 1#1: OS: Linux 5.10.47-linuxkit
2021/11/18 09:28:56 [notice] 1#1: getrlimit(RLIMIT_NOFILE): 1048576:1048576
2021/11/18 09:28:56 [notice] 1#1: start worker processes
2021/11/18 09:28:56 [notice] 1#1: start worker process 31
2021/11/18 09:28:56 [notice] 1#1: start worker process 32
2021/11/18 09:28:56 [notice] 1#1: start worker process 33
2021/11/18 09:28:56 [notice] 1#1: start worker process 34
2021/11/18 09:28:56 [notice] 1#1: start worker process 35
2021/11/18 09:28:56 [notice] 1#1: start worker process 36
2021/11/18 09:30:00 [notice] 1#1: signal 3 (SIGQUIT) received, shutting down
2021/11/18 09:30:00 [notice] 32#32: gracefully shutting down
2021/11/18 09:30:00 [notice] 33#33: gracefully shutting down
2021/11/18 09:30:00 [notice] 34#34: gracefully shutting down
2021/11/18 09:30:00 [notice] 34#34: exiting
2021/11/18 09:30:00 [notice] 35#35: gracefully shutting down
2021/11/18 09:30:00 [notice] 35#35: exiting
2021/11/18 09:30:00 [notice] 36#36: gracefully shutting down
2021/11/18 09:30:00 [notice] 31#31: gracefully shutting down
2021/11/18 09:30:00 [notice] 32#32: exiting
2021/11/18 09:30:00 [notice] 32#32: exit
2021/11/18 09:30:00 [notice] 33#33: exiting
2021/11/18 09:30:00 [notice] 34#34: exit
2021/11/18 09:30:00 [notice] 35#35: exit
2021/11/18 09:30:00 [notice] 36#36: exiting
2021/11/18 09:30:00 [notice] 31#31: exiting
2021/11/18 09:30:00 [notice] 33#33: exit
2021/11/18 09:30:00 [notice] 36#36: exit
2021/11/18 09:30:00 [notice] 31#31: exit
2021/11/18 09:30:00 [notice] 1#1: signal 17 (SIGCHLD) received from 32
2021/11/18 09:30:00 [notice] 1#1: worker process 32 exited with code 0
2021/11/18 09:30:00 [notice] 1#1: worker process 34 exited with code 0
2021/11/18 09:30:00 [notice] 1#1: worker process 35 exited with code 0
2021/11/18 09:30:00 [notice] 1#1: signal 29 (SIGIO) received
2021/11/18 09:30:00 [notice] 1#1: signal 17 (SIGCHLD) received from 34
2021/11/18 09:30:00 [notice] 1#1: signal 17 (SIGCHLD) received from 33
2021/11/18 09:30:00 [notice] 1#1: worker process 33 exited with code 0
2021/11/18 09:30:00 [notice] 1#1: signal 29 (SIGIO) received
2021/11/18 09:30:00 [notice] 1#1: signal 17 (SIGCHLD) received from 36
2021/11/18 09:30:00 [notice] 1#1: worker process 36 exited with code 0
2021/11/18 09:30:00 [notice] 1#1: signal 29 (SIGIO) received
2021/11/18 09:30:00 [notice] 1#1: signal 17 (SIGCHLD) received from 31
2021/11/18 09:30:00 [notice] 1#1: worker process 31 exited with code 0
2021/11/18 09:30:00 [notice] 1#1: exit
2021/11/18 09:30:07 [notice] 1#1: using the "epoll" event method
2021/11/18 09:30:07 [notice] 1#1: nginx/1.20.2
2021/11/18 09:30:07 [notice] 1#1: built by gcc 10.2.1 20210110 (Debian 10.2.1-6) 
2021/11/18 09:30:07 [notice] 1#1: OS: Linux 5.10.47-linuxkit
2021/11/18 09:30:07 [notice] 1#1: getrlimit(RLIMIT_NOFILE): 1048576:1048576
2021/11/18 09:30:07 [notice] 1#1: start worker processes
2021/11/18 09:30:07 [notice] 1#1: start worker process 31
2021/11/18 09:30:07 [notice] 1#1: start worker process 32
2021/11/18 09:30:07 [notice] 1#1: start worker process 33
2021/11/18 09:30:07 [notice] 1#1: start worker process 34
2021/11/18 09:30:07 [notice] 1#1: start worker process 35
2021/11/18 09:30:07 [notice] 1#1: start worker process 36
2021/11/18 09:32:54 [notice] 1#1: signal 3 (SIGQUIT) received, shutting down
2021/11/18 09:32:54 [notice] 31#31: gracefully shutting down
2021/11/18 09:32:54 [notice] 32#32: gracefully shutting down
2021/11/18 09:32:54 [notice] 35#35: gracefully shutting down
2021/11/18 09:32:54 [notice] 33#33: gracefully shutting down
2021/11/18 09:32:54 [notice] 34#34: gracefully shutting down
2021/11/18 09:32:54 [notice] 36#36: gracefully shutting down
2021/11/18 09:32:54 [notice] 31#31: exiting
2021/11/18 09:32:54 [notice] 32#32: exiting
2021/11/18 09:32:54 [notice] 35#35: exiting
2021/11/18 09:32:54 [notice] 33#33: exiting
2021/11/18 09:32:54 [notice] 34#34: exiting
2021/11/18 09:32:54 [notice] 36#36: exiting
2021/11/18 09:32:54 [notice] 31#31: exit
2021/11/18 09:32:54 [notice] 32#32: exit
2021/11/18 09:32:54 [notice] 35#35: exit
2021/11/18 09:32:54 [notice] 33#33: exit
2021/11/18 09:32:54 [notice] 34#34: exit
2021/11/18 09:32:54 [notice] 36#36: exit
2021/11/18 09:32:54 [notice] 1#1: signal 17 (SIGCHLD) received from 32
2021/11/18 09:32:54 [notice] 1#1: worker process 32 exited with code 0
2021/11/18 09:32:54 [notice] 1#1: worker process 33 exited with code 0
2021/11/18 09:32:54 [notice] 1#1: worker process 34 exited with code 0
2021/11/18 09:32:54 [notice] 1#1: signal 29 (SIGIO) received
2021/11/18 09:32:54 [notice] 1#1: signal 17 (SIGCHLD) received from 31
2021/11/18 09:32:54 [notice] 1#1: worker process 31 exited with code 0
2021/11/18 09:32:54 [notice] 1#1: worker process 35 exited with code 0
2021/11/18 09:32:54 [notice] 1#1: worker process 36 exited with code 0
2021/11/18 09:32:54 [notice] 1#1: exit
2021/11/18 09:33:02 [notice] 1#1: using the "epoll" event method
2021/11/18 09:33:02 [notice] 1#1: nginx/1.20.2
2021/11/18 09:33:02 [notice] 1#1: built by gcc 10.2.1 20210110 (Debian 10.2.1-6) 
2021/11/18 09:33:02 [notice] 1#1: OS: Linux 5.10.47-linuxkit
2021/11/18 09:33:02 [notice] 1#1: getrlimit(RLIMIT_NOFILE): 1048576:1048576
2021/11/18 09:33:02 [notice] 1#1: start worker processes
2021/11/18 09:33:02 [notice] 1#1: start worker process 30
2021/11/18 09:33:02 [notice] 1#1: start worker process 31
2021/11/18 09:33:02 [notice] 1#1: start worker process 32
2021/11/18 09:33:02 [notice] 1#1: start worker process 33
2021/11/18 09:33:02 [notice] 1#1: start worker process 34
2021/11/18 09:33:02 [notice] 1#1: start worker process 35
2021/11/18 10:03:32 [notice] 1#1: signal 3 (SIGQUIT) received, shutting down
2021/11/18 10:03:32 [notice] 30#30: gracefully shutting down
2021/11/18 10:03:32 [notice] 31#31: gracefully shutting down
2021/11/18 10:03:32 [notice] 31#31: exiting
2021/11/18 10:03:32 [notice] 32#32: gracefully shutting down
2021/11/18 10:03:32 [notice] 32#32: exiting
2021/11/18 10:03:32 [notice] 33#33: gracefully shutting down
2021/11/18 10:03:32 [notice] 34#34: gracefully shutting down
2021/11/18 10:03:32 [notice] 35#35: gracefully shutting down
2021/11/18 10:03:32 [notice] 30#30: exiting
2021/11/18 10:03:32 [notice] 31#31: exit
2021/11/18 10:03:32 [notice] 32#32: exit
2021/11/18 10:03:32 [notice] 33#33: exiting
2021/11/18 10:03:32 [notice] 1#1: signal 17 (SIGCHLD) received from 31
2021/11/18 10:03:32 [notice] 34#34: exiting
2021/11/18 10:03:32 [notice] 35#35: exiting
2021/11/18 10:03:32 [notice] 30#30: exit
2021/11/18 10:03:32 [notice] 33#33: exit
2021/11/18 10:03:32 [notice] 1#1: worker process 31 exited with code 0
2021/11/18 10:03:32 [notice] 34#34: exit
2021/11/18 10:03:32 [notice] 35#35: exit
2021/11/18 10:03:32 [notice] 1#1: worker process 32 exited with code 0
2021/11/18 10:03:32 [notice] 1#1: signal 29 (SIGIO) received
2021/11/18 10:03:32 [notice] 1#1: signal 17 (SIGCHLD) received from 32
2021/11/18 10:03:32 [notice] 1#1: signal 17 (SIGCHLD) received from 35
2021/11/18 10:03:32 [notice] 1#1: worker process 33 exited with code 0
2021/11/18 10:03:32 [notice] 1#1: worker process 35 exited with code 0
2021/11/18 10:03:32 [notice] 1#1: worker process 34 exited with code 0
2021/11/18 10:03:32 [notice] 1#1: signal 29 (SIGIO) received
2021/11/18 10:03:32 [notice] 1#1: signal 17 (SIGCHLD) received from 34
2021/11/18 10:03:32 [notice] 1#1: worker process 30 exited with code 0
2021/11/18 10:03:32 [notice] 1#1: exit
2021/11/18 10:05:15 [notice] 1#1: using the "epoll" event method
2021/11/18 10:05:15 [notice] 1#1: nginx/1.20.2
2021/11/18 10:05:15 [notice] 1#1: built by gcc 10.2.1 20210110 (Debian 10.2.1-6) 
2021/11/18 10:05:15 [notice] 1#1: OS: Linux 5.10.47-linuxkit
2021/11/18 10:05:15 [notice] 1#1: getrlimit(RLIMIT_NOFILE): 1048576:1048576
2021/11/18 10:05:15 [notice] 1#1: start worker processes
2021/11/18 10:05:15 [notice] 1#1: start worker process 30
2021/11/18 10:05:15 [notice] 1#1: start worker process 31
2021/11/18 10:05:15 [notice] 1#1: start worker process 32
2021/11/18 10:05:15 [notice] 1#1: start worker process 33
2021/11/18 10:05:15 [notice] 1#1: start worker process 34
2021/11/18 10:05:15 [notice] 1#1: start worker process 35
2021/11/18 10:06:52 [notice] 1#1: signal 3 (SIGQUIT) received, shutting down
2021/11/18 10:06:52 [notice] 30#30: gracefully shutting down
2021/11/18 10:06:52 [notice] 30#30: exiting
2021/11/18 10:06:52 [notice] 31#31: gracefully shutting down
2021/11/18 10:06:52 [notice] 33#33: gracefully shutting down
2021/11/18 10:06:52 [notice] 33#33: exiting
2021/11/18 10:06:52 [notice] 32#32: gracefully shutting down
2021/11/18 10:06:52 [notice] 32#32: exiting
2021/11/18 10:06:52 [notice] 34#34: gracefully shutting down
2021/11/18 10:06:52 [notice] 35#35: gracefully shutting down
2021/11/18 10:06:52 [notice] 30#30: exit
2021/11/18 10:06:52 [notice] 31#31: exiting
2021/11/18 10:06:52 [notice] 33#33: exit
2021/11/18 10:06:52 [notice] 32#32: exit
2021/11/18 10:06:52 [notice] 34#34: exiting
2021/11/18 10:06:52 [notice] 35#35: exiting
2021/11/18 10:06:52 [notice] 31#31: exit
2021/11/18 10:06:52 [notice] 34#34: exit
2021/11/18 10:06:52 [notice] 35#35: exit
2021/11/18 10:06:52 [notice] 1#1: signal 17 (SIGCHLD) received from 33
2021/11/18 10:06:52 [notice] 1#1: worker process 33 exited with code 0
2021/11/18 10:06:52 [notice] 1#1: signal 29 (SIGIO) received
2021/11/18 10:06:52 [notice] 1#1: signal 17 (SIGCHLD) received from 30
2021/11/18 10:06:52 [notice] 1#1: worker process 30 exited with code 0
2021/11/18 10:06:52 [notice] 1#1: worker process 32 exited with code 0
2021/11/18 10:06:52 [notice] 1#1: worker process 34 exited with code 0
2021/11/18 10:06:52 [notice] 1#1: worker process 31 exited with code 0
2021/11/18 10:06:52 [notice] 1#1: worker process 35 exited with code 0
2021/11/18 10:06:52 [notice] 1#1: exit
2021/11/18 10:07:09 [notice] 1#1: using the "epoll" event method
2021/11/18 10:07:09 [notice] 1#1: nginx/1.20.2
2021/11/18 10:07:09 [notice] 1#1: built by gcc 10.2.1 20210110 (Debian 10.2.1-6) 
2021/11/18 10:07:09 [notice] 1#1: OS: Linux 5.10.47-linuxkit
2021/11/18 10:07:09 [notice] 1#1: getrlimit(RLIMIT_NOFILE): 1048576:1048576
2021/11/18 10:07:09 [notice] 1#1: start worker processes
2021/11/18 10:07:09 [notice] 1#1: start worker process 31
2021/11/18 10:07:09 [notice] 1#1: start worker process 32
2021/11/18 10:07:09 [notice] 1#1: start worker process 33
2021/11/18 10:07:09 [notice] 1#1: start worker process 34
2021/11/18 10:07:09 [notice] 1#1: start worker process 35
2021/11/18 10:07:09 [notice] 1#1: start worker process 36
2021/11/18 10:08:10 [notice] 1#1: using the "epoll" event method
2021/11/18 10:08:10 [notice] 1#1: nginx/1.20.2
2021/11/18 10:08:10 [notice] 1#1: built by gcc 10.2.1 20210110 (Debian 10.2.1-6) 
2021/11/18 10:08:10 [notice] 1#1: OS: Linux 5.10.47-linuxkit
2021/11/18 10:08:10 [notice] 1#1: getrlimit(RLIMIT_NOFILE): 1048576:1048576
2021/11/18 10:08:10 [notice] 1#1: start worker processes
2021/11/18 10:08:10 [notice] 1#1: start worker process 31
2021/11/18 10:08:10 [notice] 1#1: start worker process 32
2021/11/18 10:08:10 [notice] 1#1: start worker process 33
2021/11/18 10:08:10 [notice] 1#1: start worker process 34
2021/11/18 10:08:10 [notice] 1#1: start worker process 35
2021/11/18 10:08:10 [notice] 1#1: start worker process 36
2021/11/18 10:11:35 [notice] 1#1: signal 3 (SIGQUIT) received, shutting down
2021/11/18 10:11:35 [notice] 33#33: gracefully shutting down
2021/11/18 10:11:35 [notice] 33#33: exiting
2021/11/18 10:11:35 [notice] 32#32: gracefully shutting down
2021/11/18 10:11:35 [notice] 32#32: exiting
2021/11/18 10:11:35 [notice] 34#34: gracefully shutting down
2021/11/18 10:11:35 [notice] 31#31: gracefully shutting down
2021/11/18 10:11:35 [notice] 31#31: exiting
2021/11/18 10:11:35 [notice] 35#35: gracefully shutting down
2021/11/18 10:11:35 [notice] 35#35: exiting
2021/11/18 10:11:35 [notice] 36#36: gracefully shutting down
2021/11/18 10:11:35 [notice] 33#33: exit
2021/11/18 10:11:35 [notice] 32#32: exit
2021/11/18 10:11:35 [notice] 34#34: exiting
2021/11/18 10:11:35 [notice] 31#31: exit
2021/11/18 10:11:35 [notice] 35#35: exit
2021/11/18 10:11:35 [notice] 36#36: exiting
2021/11/18 10:11:35 [notice] 34#34: exit
2021/11/18 10:11:35 [notice] 36#36: exit
2021/11/18 10:11:35 [notice] 1#1: signal 17 (SIGCHLD) received from 33
2021/11/18 10:11:35 [notice] 1#1: worker process 33 exited with code 0
2021/11/18 10:11:35 [notice] 1#1: signal 29 (SIGIO) received
2021/11/18 10:11:35 [notice] 1#1: signal 17 (SIGCHLD) received from 35
2021/11/18 10:11:35 [notice] 1#1: worker process 35 exited with code 0
2021/11/18 10:11:35 [notice] 1#1: signal 29 (SIGIO) received
2021/11/18 10:11:35 [notice] 1#1: signal 17 (SIGCHLD) received from 32
2021/11/18 10:11:35 [notice] 1#1: worker process 31 exited with code 0
2021/11/18 10:11:35 [notice] 1#1: worker process 32 exited with code 0
2021/11/18 10:11:35 [notice] 1#1: worker process 34 exited with code 0
2021/11/18 10:11:35 [notice] 1#1: signal 17 (SIGCHLD) received from 31
2021/11/18 10:11:35 [notice] 1#1: signal 29 (SIGIO) received
2021/11/18 10:11:35 [notice] 1#1: signal 17 (SIGCHLD) received from 36
2021/11/18 10:11:35 [notice] 1#1: worker process 36 exited with code 0
2021/11/18 10:11:35 [notice] 1#1: exit
2021/11/18 10:11:43 [notice] 1#1: using the "epoll" event method
2021/11/18 10:11:43 [notice] 1#1: nginx/1.20.2
2021/11/18 10:11:43 [notice] 1#1: built by gcc 10.2.1 20210110 (Debian 10.2.1-6) 
2021/11/18 10:11:43 [notice] 1#1: OS: Linux 5.10.47-linuxkit
2021/11/18 10:11:43 [notice] 1#1: getrlimit(RLIMIT_NOFILE): 1048576:1048576
2021/11/18 10:11:43 [notice] 1#1: start worker processes
2021/11/18 10:11:43 [notice] 1#1: start worker process 30
2021/11/18 10:11:43 [notice] 1#1: start worker process 31
2021/11/18 10:11:43 [notice] 1#1: start worker process 32
2021/11/18 10:11:43 [notice] 1#1: start worker process 33
2021/11/18 10:11:43 [notice] 1#1: start worker process 34
2021/11/18 10:11:43 [notice] 1#1: start worker process 35
2021/11/18 10:19:18 [notice] 1#1: signal 3 (SIGQUIT) received, shutting down
2021/11/18 10:19:18 [notice] 30#30: gracefully shutting down
2021/11/18 10:19:18 [notice] 31#31: gracefully shutting down
2021/11/18 10:19:18 [notice] 31#31: exiting
2021/11/18 10:19:18 [notice] 32#32: gracefully shutting down
2021/11/18 10:19:18 [notice] 35#35: gracefully shutting down
2021/11/18 10:19:18 [notice] 35#35: exiting
2021/11/18 10:19:18 [notice] 34#34: gracefully shutting down
2021/11/18 10:19:18 [notice] 33#33: gracefully shutting down
2021/11/18 10:19:18 [notice] 31#31: exit
2021/11/18 10:19:18 [notice] 32#32: exiting
2021/11/18 10:19:18 [notice] 35#35: exit
2021/11/18 10:19:18 [notice] 34#34: exiting
2021/11/18 10:19:18 [notice] 33#33: exiting
2021/11/18 10:19:18 [notice] 32#32: exit
2021/11/18 10:19:18 [notice] 34#34: exit
2021/11/18 10:19:18 [notice] 33#33: exit
2021/11/18 10:19:18 [notice] 1#1: signal 17 (SIGCHLD) received from 32
2021/11/18 10:19:18 [notice] 1#1: worker process 32 exited with code 0
2021/11/18 10:19:18 [notice] 1#1: worker process 35 exited with code 0
2021/11/18 10:19:18 [notice] 1#1: worker process 31 exited with code 0
2021/11/18 10:19:18 [notice] 1#1: signal 29 (SIGIO) received
2021/11/18 10:19:18 [notice] 1#1: signal 17 (SIGCHLD) received from 35
2021/11/18 10:19:18 [notice] 1#1: worker process 34 exited with code 0
2021/11/18 10:19:18 [notice] 1#1: worker process 33 exited with code 0
2021/11/18 10:19:18 [notice] 1#1: signal 29 (SIGIO) received
2021/11/18 10:19:18 [notice] 1#1: signal 17 (SIGCHLD) received from 33
2021/11/18 10:19:36 [notice] 1#1: using the "epoll" event method
2021/11/18 10:19:36 [notice] 1#1: nginx/1.20.2
2021/11/18 10:19:36 [notice] 1#1: built by gcc 10.2.1 20210110 (Debian 10.2.1-6) 
2021/11/18 10:19:36 [notice] 1#1: OS: Linux 5.10.47-linuxkit
2021/11/18 10:19:36 [notice] 1#1: getrlimit(RLIMIT_NOFILE): 1048576:1048576
2021/11/18 10:19:36 [notice] 1#1: start worker processes
2021/11/18 10:19:36 [notice] 1#1: start worker process 31
2021/11/18 10:19:36 [notice] 1#1: start worker process 32
2021/11/18 10:19:36 [notice] 1#1: start worker process 33
2021/11/18 10:19:36 [notice] 1#1: start worker process 34
2021/11/18 10:19:36 [notice] 1#1: start worker process 35
2021/11/18 10:19:36 [notice] 1#1: start worker process 36
2021/11/18 10:19:52 [notice] 1#1: signal 3 (SIGQUIT) received, shutting down
2021/11/18 10:19:52 [notice] 32#32: gracefully shutting down
2021/11/18 10:19:52 [notice] 32#32: exiting
2021/11/18 10:19:52 [notice] 31#31: gracefully shutting down
2021/11/18 10:19:52 [notice] 34#34: gracefully shutting down
2021/11/18 10:19:52 [notice] 33#33: gracefully shutting down
2021/11/18 10:19:52 [notice] 35#35: gracefully shutting down
2021/11/18 10:19:52 [notice] 35#35: exiting
2021/11/18 10:19:52 [notice] 36#36: gracefully shutting down
2021/11/18 10:19:52 [notice] 32#32: exit
2021/11/18 10:19:52 [notice] 34#34: exiting
2021/11/18 10:19:52 [notice] 33#33: exiting
2021/11/18 10:19:52 [notice] 35#35: exit
2021/11/18 10:19:52 [notice] 36#36: exiting
2021/11/18 10:19:52 [notice] 34#34: exit
2021/11/18 10:19:52 [notice] 33#33: exit
2021/11/18 10:19:52 [notice] 36#36: exit
2021/11/18 10:19:52 [notice] 1#1: signal 17 (SIGCHLD) received from 32
2021/11/18 10:19:52 [notice] 1#1: worker process 32 exited with code 0
2021/11/18 10:19:52 [notice] 1#1: signal 29 (SIGIO) received
2021/11/18 10:19:52 [notice] 1#1: signal 17 (SIGCHLD) received from 35
2021/11/18 10:19:52 [notice] 1#1: worker process 35 exited with code 0
2021/11/18 10:19:52 [notice] 1#1: worker process 36 exited with code 0
2021/11/18 10:19:52 [notice] 1#1: signal 29 (SIGIO) received
2021/11/18 10:19:52 [notice] 1#1: signal 17 (SIGCHLD) received from 36
2021/11/18 10:19:52 [notice] 1#1: worker process 33 exited with code 0
2021/11/18 10:19:52 [notice] 1#1: worker process 34 exited with code 0
2021/11/18 10:19:52 [notice] 1#1: signal 29 (SIGIO) received
2021/11/18 10:19:52 [notice] 1#1: signal 17 (SIGCHLD) received from 34
2021/11/18 10:20:05 [notice] 1#1: using the "epoll" event method
2021/11/18 10:20:05 [notice] 1#1: nginx/1.20.2
2021/11/18 10:20:05 [notice] 1#1: built by gcc 10.2.1 20210110 (Debian 10.2.1-6) 
2021/11/18 10:20:05 [notice] 1#1: OS: Linux 5.10.47-linuxkit
2021/11/18 10:20:05 [notice] 1#1: getrlimit(RLIMIT_NOFILE): 1048576:1048576
2021/11/18 10:20:05 [notice] 1#1: start worker processes
2021/11/18 10:20:05 [notice] 1#1: start worker process 31
2021/11/18 10:20:05 [notice] 1#1: start worker process 32
2021/11/18 10:20:05 [notice] 1#1: start worker process 33
2021/11/18 10:20:05 [notice] 1#1: start worker process 34
2021/11/18 10:20:05 [notice] 1#1: start worker process 35
2021/11/18 10:20:05 [notice] 1#1: start worker process 36
2021/11/18 10:27:38 [notice] 1#1: using the "epoll" event method
2021/11/18 10:27:38 [notice] 1#1: nginx/1.20.2
2021/11/18 10:27:38 [notice] 1#1: built by gcc 10.2.1 20210110 (Debian 10.2.1-6) 
2021/11/18 10:27:38 [notice] 1#1: OS: Linux 5.10.47-linuxkit
2021/11/18 10:27:38 [notice] 1#1: getrlimit(RLIMIT_NOFILE): 1048576:1048576
2021/11/18 10:27:38 [notice] 1#1: start worker processes
2021/11/18 10:27:38 [notice] 1#1: start worker process 31
2021/11/18 10:27:38 [notice] 1#1: start worker process 32
2021/11/18 10:27:38 [notice] 1#1: start worker process 33
2021/11/18 10:27:38 [notice] 1#1: start worker process 34
2021/11/18 10:27:38 [notice] 1#1: start worker process 35
2021/11/18 10:27:38 [notice] 1#1: start worker process 36
2021/11/18 10:28:15 [notice] 1#1: signal 3 (SIGQUIT) received, shutting down
2021/11/18 10:28:15 [notice] 32#32: gracefully shutting down
2021/11/18 10:28:15 [notice] 32#32: exiting
2021/11/18 10:28:15 [notice] 31#31: gracefully shutting down
2021/11/18 10:28:15 [notice] 33#33: gracefully shutting down
2021/11/18 10:28:15 [notice] 34#34: gracefully shutting down
2021/11/18 10:28:15 [notice] 36#36: gracefully shutting down
2021/11/18 10:28:15 [notice] 35#35: gracefully shutting down
2021/11/18 10:28:15 [notice] 32#32: exit
2021/11/18 10:28:15 [notice] 33#33: exiting
2021/11/18 10:28:15 [notice] 34#34: exiting
2021/11/18 10:28:15 [notice] 34#34: exit
2021/11/18 10:28:15 [notice] 36#36: exiting
2021/11/18 10:28:15 [notice] 35#35: exiting
2021/11/18 10:28:15 [notice] 33#33: exit
2021/11/18 10:28:15 [notice] 36#36: exit
2021/11/18 10:28:15 [notice] 35#35: exit
2021/11/18 10:28:15 [notice] 1#1: signal 17 (SIGCHLD) received from 32
2021/11/18 10:28:15 [notice] 1#1: worker process 32 exited with code 0
2021/11/18 10:28:15 [notice] 1#1: signal 29 (SIGIO) received
2021/11/18 10:28:15 [notice] 1#1: signal 17 (SIGCHLD) received from 34
2021/11/18 10:28:15 [notice] 1#1: worker process 34 exited with code 0
2021/11/18 10:28:15 [notice] 1#1: signal 29 (SIGIO) received
2021/11/18 10:28:15 [notice] 1#1: signal 17 (SIGCHLD) received from 35
2021/11/18 10:28:15 [notice] 1#1: worker process 33 exited with code 0
2021/11/18 10:28:15 [notice] 1#1: worker process 35 exited with code 0
2021/11/18 10:28:15 [notice] 1#1: worker process 36 exited with code 0
2021/11/18 10:28:15 [notice] 1#1: signal 29 (SIGIO) received
2021/11/18 10:28:15 [notice] 1#1: signal 17 (SIGCHLD) received from 33
2021/11/18 10:30:21 [notice] 1#1: using the "epoll" event method
2021/11/18 10:30:21 [notice] 1#1: nginx/1.20.2
2021/11/18 10:30:21 [notice] 1#1: built by gcc 10.2.1 20210110 (Debian 10.2.1-6) 
2021/11/18 10:30:21 [notice] 1#1: OS: Linux 5.10.47-linuxkit
2021/11/18 10:30:21 [notice] 1#1: getrlimit(RLIMIT_NOFILE): 1048576:1048576
2021/11/18 10:30:21 [notice] 1#1: start worker processes
2021/11/18 10:30:21 [notice] 1#1: start worker process 30
2021/11/18 10:30:21 [notice] 1#1: start worker process 31
2021/11/18 10:30:21 [notice] 1#1: start worker process 32
2021/11/18 10:30:21 [notice] 1#1: start worker process 33
2021/11/18 10:30:21 [notice] 1#1: start worker process 34
2021/11/18 10:30:21 [notice] 1#1: start worker process 35
2021/11/18 10:31:11 [notice] 1#1: signal 3 (SIGQUIT) received, shutting down
2021/11/18 10:31:11 [notice] 30#30: gracefully shutting down
2021/11/18 10:31:11 [notice] 31#31: gracefully shutting down
2021/11/18 10:31:11 [notice] 32#32: gracefully shutting down
2021/11/18 10:31:11 [notice] 33#33: gracefully shutting down
2021/11/18 10:31:11 [notice] 33#33: exiting
2021/11/18 10:31:11 [notice] 35#35: gracefully shutting down
2021/11/18 10:31:11 [notice] 34#34: gracefully shutting down
2021/11/18 10:31:11 [notice] 31#31: exiting
2021/11/18 10:31:11 [notice] 32#32: exiting
2021/11/18 10:31:11 [notice] 33#33: exit
2021/11/18 10:31:11 [notice] 35#35: exiting
2021/11/18 10:31:11 [notice] 35#35: exit
2021/11/18 10:31:11 [notice] 34#34: exiting
2021/11/18 10:31:11 [notice] 34#34: exit
2021/11/18 10:31:11 [notice] 31#31: exit
2021/11/18 10:31:11 [notice] 32#32: exit
2021/11/18 10:31:11 [notice] 1#1: signal 17 (SIGCHLD) received from 33
2021/11/18 10:31:11 [notice] 1#1: worker process 33 exited with code 0
2021/11/18 10:31:11 [notice] 1#1: signal 29 (SIGIO) received
2021/11/18 10:31:11 [notice] 1#1: signal 17 (SIGCHLD) received from 34
2021/11/18 10:31:11 [notice] 1#1: worker process 34 exited with code 0
2021/11/18 10:31:11 [notice] 1#1: worker process 35 exited with code 0
2021/11/18 10:31:11 [notice] 1#1: signal 29 (SIGIO) received
2021/11/18 10:31:11 [notice] 1#1: signal 17 (SIGCHLD) received from 32
2021/11/18 10:31:11 [notice] 1#1: worker process 31 exited with code 0
2021/11/18 10:31:11 [notice] 1#1: worker process 32 exited with code 0
2021/11/18 10:31:11 [notice] 1#1: signal 29 (SIGIO) received
2021/11/18 10:31:16 [notice] 1#1: using the "epoll" event method
2021/11/18 10:31:16 [notice] 1#1: nginx/1.20.2
2021/11/18 10:31:16 [notice] 1#1: built by gcc 10.2.1 20210110 (Debian 10.2.1-6) 
2021/11/18 10:31:16 [notice] 1#1: OS: Linux 5.10.47-linuxkit
2021/11/18 10:31:16 [notice] 1#1: getrlimit(RLIMIT_NOFILE): 1048576:1048576
2021/11/18 10:31:16 [notice] 1#1: start worker processes
2021/11/18 10:31:16 [notice] 1#1: start worker process 32
2021/11/18 10:31:16 [notice] 1#1: start worker process 33
2021/11/18 10:31:16 [notice] 1#1: start worker process 34
2021/11/18 10:31:16 [notice] 1#1: start worker process 35
2021/11/18 10:31:16 [notice] 1#1: start worker process 36
2021/11/18 10:31:16 [notice] 1#1: start worker process 37
2021/11/18 10:32:07 [notice] 1#1: using the "epoll" event method
2021/11/18 10:32:07 [notice] 1#1: nginx/1.20.2
2021/11/18 10:32:07 [notice] 1#1: built by gcc 10.2.1 20210110 (Debian 10.2.1-6) 
2021/11/18 10:32:07 [notice] 1#1: OS: Linux 5.10.47-linuxkit
2021/11/18 10:32:07 [notice] 1#1: getrlimit(RLIMIT_NOFILE): 1048576:1048576
2021/11/18 10:32:07 [notice] 1#1: start worker processes
2021/11/18 10:32:07 [notice] 1#1: start worker process 30
2021/11/18 10:32:07 [notice] 1#1: start worker process 31
2021/11/18 10:32:07 [notice] 1#1: start worker process 32
2021/11/18 10:32:07 [notice] 1#1: start worker process 33
2021/11/18 10:32:07 [notice] 1#1: start worker process 34
2021/11/18 10:32:07 [notice] 1#1: start worker process 35
2021/11/18 16:19:08 [notice] 1#1: using the "epoll" event method
2021/11/18 16:19:08 [notice] 1#1: nginx/1.20.2
2021/11/18 16:19:08 [notice] 1#1: built by gcc 10.2.1 20210110 (Debian 10.2.1-6) 
2021/11/18 16:19:08 [notice] 1#1: OS: Linux 5.10.47-linuxkit
2021/11/18 16:19:08 [notice] 1#1: getrlimit(RLIMIT_NOFILE): 1048576:1048576
2021/11/18 16:19:08 [notice] 1#1: start worker processes
2021/11/18 16:19:08 [notice] 1#1: start worker process 30
2021/11/18 16:19:08 [notice] 1#1: start worker process 31
2021/11/18 16:19:08 [notice] 1#1: start worker process 32
2021/11/18 16:19:08 [notice] 1#1: start worker process 33
2021/11/18 16:19:08 [notice] 1#1: start worker process 34
2021/11/18 16:19:08 [notice] 1#1: start worker process 35
2021/11/18 16:39:44 [notice] 1#1: signal 3 (SIGQUIT) received, shutting down
2021/11/18 16:39:44 [notice] 30#30: gracefully shutting down
2021/11/18 16:39:44 [notice] 31#31: gracefully shutting down
2021/11/18 16:39:44 [notice] 32#32: gracefully shutting down
2021/11/18 16:39:44 [notice] 34#34: gracefully shutting down
2021/11/18 16:39:44 [notice] 34#34: exiting
2021/11/18 16:39:44 [notice] 35#35: gracefully shutting down
2021/11/18 16:39:44 [notice] 33#33: gracefully shutting down
2021/11/18 16:39:44 [notice] 31#31: exiting
2021/11/18 16:39:44 [notice] 32#32: exiting
2021/11/18 16:39:44 [notice] 34#34: exit
2021/11/18 16:39:44 [notice] 35#35: exiting
2021/11/18 16:39:44 [notice] 33#33: exiting
2021/11/18 16:39:44 [notice] 33#33: exit
2021/11/18 16:39:44 [notice] 31#31: exit
2021/11/18 16:39:44 [notice] 32#32: exit
2021/11/18 16:39:44 [notice] 35#35: exit
2021/11/18 16:39:44 [notice] 1#1: signal 17 (SIGCHLD) received from 31
2021/11/18 16:39:44 [notice] 1#1: worker process 31 exited with code 0
2021/11/18 16:39:44 [notice] 1#1: worker process 32 exited with code 0
2021/11/18 16:39:44 [notice] 1#1: signal 29 (SIGIO) received
2021/11/18 16:39:44 [notice] 1#1: signal 17 (SIGCHLD) received from 33
2021/11/18 16:39:44 [notice] 1#1: worker process 33 exited with code 0
2021/11/18 16:39:44 [notice] 1#1: signal 29 (SIGIO) received
2021/11/18 16:39:44 [notice] 1#1: signal 17 (SIGCHLD) received from 34
2021/11/18 16:39:44 [notice] 1#1: worker process 34 exited with code 0
2021/11/18 16:39:44 [notice] 1#1: worker process 35 exited with code 0
2021/11/18 16:39:44 [notice] 1#1: signal 29 (SIGIO) received
2021/11/18 16:39:44 [notice] 1#1: signal 17 (SIGCHLD) received from 35
2021/11/18 16:40:03 [notice] 1#1: using the "epoll" event method
2021/11/18 16:40:03 [notice] 1#1: nginx/1.20.2
2021/11/18 16:40:03 [notice] 1#1: built by gcc 10.2.1 20210110 (Debian 10.2.1-6) 
2021/11/18 16:40:03 [notice] 1#1: OS: Linux 5.10.47-linuxkit
2021/11/18 16:40:03 [notice] 1#1: getrlimit(RLIMIT_NOFILE): 1048576:1048576
2021/11/18 16:40:03 [notice] 1#1: start worker processes
2021/11/18 16:40:03 [notice] 1#1: start worker process 31
2021/11/18 16:40:03 [notice] 1#1: start worker process 32
2021/11/18 16:40:03 [notice] 1#1: start worker process 33
2021/11/18 16:40:03 [notice] 1#1: start worker process 34
2021/11/18 16:40:03 [notice] 1#1: start worker process 35
2021/11/18 16:40:03 [notice] 1#1: start worker process 36
